<?xml version="1.0" encoding="UTF-8"?>
<Site BuildName="Darwin-c++"
	BuildStamp="20230423-1645-Experimental"
	Name="amohiy.local"
	Generator="ctest-3.26.3"
	CompilerName="/Applications/Xcode-14.2.app/Contents/Developer/Toolchains/XcodeDefault.xctoolchain/usr/bin/c++"
	CompilerVersion="14.0.0.14000029"
	OSName="macOS"
	Hostname="amohiy.local"
	OSRelease="12.6.4"
	OSVersion="21G526"
	OSPlatform="x86_64"
	Is64Bits="1"
	VendorString="GenuineIntel"
	VendorID="Intel Corporation"
	FamilyID="6"
	ModelID="61"
	ProcessorCacheSize="32768"
	NumberOfLogicalCPU="2"
	NumberOfPhysicalCPU="2"
	TotalVirtualMemory="3072"
	TotalPhysicalMemory="16384"
	LogicalProcessorsPerPhysical="8"
	ProcessorClockFrequency="3100"
	>
	<Testing>
		<StartDateTime>Apr 23 18:45 EET</StartDateTime>
		<StartTestTime>1682268344</StartTestTime>
		<TestList>
			<Test>./Runs</Test>
			<Test>./Usage</Test>
			<Test>./StandardUse</Test>
			<Test>./Comp4</Test>
			<Test>./Comp9</Test>
			<Test>./Comp5</Test>
			<Test>./Comp7</Test>
			<Test>./Comp25</Test>
			<Test>./Comp-25</Test>
			<Test>./Comp0.0001</Test>
		</TestList>
		<Test Status="passed">
			<Name>Runs</Name>
			<Path>.</Path>
			<FullName>./Runs</FullName>
			<FullCommandLine>/Users/amohiy/Projects/cPlusPlus/CMakeWebsiteTutorial/CMakeTutorial "25"</FullCommandLine>
			<Results>
				<NamedMeasurement type="numeric/double" name="Execution Time">
					<Value>0.00420715</Value>
				</NamedMeasurement>
				<NamedMeasurement type="numeric/double" name="Processors">
					<Value>1</Value>
				</NamedMeasurement>
				<NamedMeasurement type="text/string" name="Completion Status">
					<Value>Completed</Value>
				</NamedMeasurement>
				<NamedMeasurement type="text/string" name="Command Line">
					<Value>/Users/amohiy/Projects/cPlusPlus/CMakeWebsiteTutorial/CMakeTutorial "25"</Value>
				</NamedMeasurement>
				<NamedMeasurement type="text/string" name="Environment">
					<Value>#CTEST_RESOURCE_GROUP_COUNT=</Value>
				</NamedMeasurement>
				<Measurement>
					<Value>Hello there
1 0
value is 5
</Value>
				</Measurement>
			</Results>
		</Test>
		<Test Status="passed">
			<Name>Usage</Name>
			<Path>.</Path>
			<FullName>./Usage</FullName>
			<FullCommandLine>/Users/amohiy/Projects/cPlusPlus/CMakeWebsiteTutorial/CMakeTutorial "4"</FullCommandLine>
			<Results>
				<NamedMeasurement type="numeric/double" name="Execution Time">
					<Value>0.00431989</Value>
				</NamedMeasurement>
				<NamedMeasurement type="text/string" name="Pass Reason">
					<Value>Required regular expression found. Regex=[Hello there]</Value>
				</NamedMeasurement>
				<NamedMeasurement type="numeric/double" name="Processors">
					<Value>1</Value>
				</NamedMeasurement>
				<NamedMeasurement type="text/string" name="Completion Status">
					<Value>Completed</Value>
				</NamedMeasurement>
				<NamedMeasurement type="text/string" name="Command Line">
					<Value>/Users/amohiy/Projects/cPlusPlus/CMakeWebsiteTutorial/CMakeTutorial "4"</Value>
				</NamedMeasurement>
				<NamedMeasurement type="text/string" name="Environment">
					<Value>#CTEST_RESOURCE_GROUP_COUNT=</Value>
				</NamedMeasurement>
				<Measurement>
					<Value>Hello there
1 0
value is 2
</Value>
				</Measurement>
			</Results>
		</Test>
		<Test Status="passed">
			<Name>StandardUse</Name>
			<Path>.</Path>
			<FullName>./StandardUse</FullName>
			<FullCommandLine>/Users/amohiy/Projects/cPlusPlus/CMakeWebsiteTutorial/CMakeTutorial "4"</FullCommandLine>
			<Results>
				<NamedMeasurement type="numeric/double" name="Execution Time">
					<Value>0.00406726</Value>
				</NamedMeasurement>
				<NamedMeasurement type="text/string" name="Pass Reason">
					<Value>Required regular expression found. Regex=[value is 2]</Value>
				</NamedMeasurement>
				<NamedMeasurement type="numeric/double" name="Processors">
					<Value>1</Value>
				</NamedMeasurement>
				<NamedMeasurement type="text/string" name="Completion Status">
					<Value>Completed</Value>
				</NamedMeasurement>
				<NamedMeasurement type="text/string" name="Command Line">
					<Value>/Users/amohiy/Projects/cPlusPlus/CMakeWebsiteTutorial/CMakeTutorial "4"</Value>
				</NamedMeasurement>
				<NamedMeasurement type="text/string" name="Environment">
					<Value>#CTEST_RESOURCE_GROUP_COUNT=</Value>
				</NamedMeasurement>
				<Measurement>
					<Value>Hello there
1 0
value is 2
</Value>
				</Measurement>
			</Results>
		</Test>
		<Test Status="passed">
			<Name>Comp4</Name>
			<Path>.</Path>
			<FullName>./Comp4</FullName>
			<FullCommandLine>/Users/amohiy/Projects/cPlusPlus/CMakeWebsiteTutorial/CMakeTutorial "4"</FullCommandLine>
			<Results>
				<NamedMeasurement type="numeric/double" name="Execution Time">
					<Value>0.00407324</Value>
				</NamedMeasurement>
				<NamedMeasurement type="text/string" name="Pass Reason">
					<Value>Required regular expression found. Regex=[value is 2]</Value>
				</NamedMeasurement>
				<NamedMeasurement type="numeric/double" name="Processors">
					<Value>1</Value>
				</NamedMeasurement>
				<NamedMeasurement type="text/string" name="Completion Status">
					<Value>Completed</Value>
				</NamedMeasurement>
				<NamedMeasurement type="text/string" name="Command Line">
					<Value>/Users/amohiy/Projects/cPlusPlus/CMakeWebsiteTutorial/CMakeTutorial "4"</Value>
				</NamedMeasurement>
				<NamedMeasurement type="text/string" name="Environment">
					<Value>#CTEST_RESOURCE_GROUP_COUNT=</Value>
				</NamedMeasurement>
				<Measurement>
					<Value>Hello there
1 0
value is 2
</Value>
				</Measurement>
			</Results>
		</Test>
		<Test Status="passed">
			<Name>Comp9</Name>
			<Path>.</Path>
			<FullName>./Comp9</FullName>
			<FullCommandLine>/Users/amohiy/Projects/cPlusPlus/CMakeWebsiteTutorial/CMakeTutorial "9"</FullCommandLine>
			<Results>
				<NamedMeasurement type="numeric/double" name="Execution Time">
					<Value>0.0040028</Value>
				</NamedMeasurement>
				<NamedMeasurement type="text/string" name="Pass Reason">
					<Value>Required regular expression found. Regex=[value is 3]</Value>
				</NamedMeasurement>
				<NamedMeasurement type="numeric/double" name="Processors">
					<Value>1</Value>
				</NamedMeasurement>
				<NamedMeasurement type="text/string" name="Completion Status">
					<Value>Completed</Value>
				</NamedMeasurement>
				<NamedMeasurement type="text/string" name="Command Line">
					<Value>/Users/amohiy/Projects/cPlusPlus/CMakeWebsiteTutorial/CMakeTutorial "9"</Value>
				</NamedMeasurement>
				<NamedMeasurement type="text/string" name="Environment">
					<Value>#CTEST_RESOURCE_GROUP_COUNT=</Value>
				</NamedMeasurement>
				<Measurement>
					<Value>Hello there
1 0
value is 3
</Value>
				</Measurement>
			</Results>
		</Test>
		<Test Status="passed">
			<Name>Comp5</Name>
			<Path>.</Path>
			<FullName>./Comp5</FullName>
			<FullCommandLine>/Users/amohiy/Projects/cPlusPlus/CMakeWebsiteTutorial/CMakeTutorial "5"</FullCommandLine>
			<Results>
				<NamedMeasurement type="numeric/double" name="Execution Time">
					<Value>0.00401416</Value>
				</NamedMeasurement>
				<NamedMeasurement type="text/string" name="Pass Reason">
					<Value>Required regular expression found. Regex=[value is 2.236]</Value>
				</NamedMeasurement>
				<NamedMeasurement type="numeric/double" name="Processors">
					<Value>1</Value>
				</NamedMeasurement>
				<NamedMeasurement type="text/string" name="Completion Status">
					<Value>Completed</Value>
				</NamedMeasurement>
				<NamedMeasurement type="text/string" name="Command Line">
					<Value>/Users/amohiy/Projects/cPlusPlus/CMakeWebsiteTutorial/CMakeTutorial "5"</Value>
				</NamedMeasurement>
				<NamedMeasurement type="text/string" name="Environment">
					<Value>#CTEST_RESOURCE_GROUP_COUNT=</Value>
				</NamedMeasurement>
				<Measurement>
					<Value>Hello there
1 0
value is 2.23607
</Value>
				</Measurement>
			</Results>
		</Test>
		<Test Status="passed">
			<Name>Comp7</Name>
			<Path>.</Path>
			<FullName>./Comp7</FullName>
			<FullCommandLine>/Users/amohiy/Projects/cPlusPlus/CMakeWebsiteTutorial/CMakeTutorial "7"</FullCommandLine>
			<Results>
				<NamedMeasurement type="numeric/double" name="Execution Time">
					<Value>0.00358837</Value>
				</NamedMeasurement>
				<NamedMeasurement type="text/string" name="Pass Reason">
					<Value>Required regular expression found. Regex=[value is 2.645]</Value>
				</NamedMeasurement>
				<NamedMeasurement type="numeric/double" name="Processors">
					<Value>1</Value>
				</NamedMeasurement>
				<NamedMeasurement type="text/string" name="Completion Status">
					<Value>Completed</Value>
				</NamedMeasurement>
				<NamedMeasurement type="text/string" name="Command Line">
					<Value>/Users/amohiy/Projects/cPlusPlus/CMakeWebsiteTutorial/CMakeTutorial "7"</Value>
				</NamedMeasurement>
				<NamedMeasurement type="text/string" name="Environment">
					<Value>#CTEST_RESOURCE_GROUP_COUNT=</Value>
				</NamedMeasurement>
				<Measurement>
					<Value>Hello there
1 0
value is 2.64575
</Value>
				</Measurement>
			</Results>
		</Test>
		<Test Status="passed">
			<Name>Comp25</Name>
			<Path>.</Path>
			<FullName>./Comp25</FullName>
			<FullCommandLine>/Users/amohiy/Projects/cPlusPlus/CMakeWebsiteTutorial/CMakeTutorial "25"</FullCommandLine>
			<Results>
				<NamedMeasurement type="numeric/double" name="Execution Time">
					<Value>0.00390762</Value>
				</NamedMeasurement>
				<NamedMeasurement type="text/string" name="Pass Reason">
					<Value>Required regular expression found. Regex=[value is 5]</Value>
				</NamedMeasurement>
				<NamedMeasurement type="numeric/double" name="Processors">
					<Value>1</Value>
				</NamedMeasurement>
				<NamedMeasurement type="text/string" name="Completion Status">
					<Value>Completed</Value>
				</NamedMeasurement>
				<NamedMeasurement type="text/string" name="Command Line">
					<Value>/Users/amohiy/Projects/cPlusPlus/CMakeWebsiteTutorial/CMakeTutorial "25"</Value>
				</NamedMeasurement>
				<NamedMeasurement type="text/string" name="Environment">
					<Value>#CTEST_RESOURCE_GROUP_COUNT=</Value>
				</NamedMeasurement>
				<Measurement>
					<Value>Hello there
1 0
value is 5
</Value>
				</Measurement>
			</Results>
		</Test>
		<Test Status="passed">
			<Name>Comp-25</Name>
			<Path>.</Path>
			<FullName>./Comp-25</FullName>
			<FullCommandLine>/Users/amohiy/Projects/cPlusPlus/CMakeWebsiteTutorial/CMakeTutorial "-25"</FullCommandLine>
			<Results>
				<NamedMeasurement type="numeric/double" name="Execution Time">
					<Value>0.00464516</Value>
				</NamedMeasurement>
				<NamedMeasurement type="text/string" name="Pass Reason">
					<Value>Required regular expression found. Regex=[value is (-nan|nan|0)]</Value>
				</NamedMeasurement>
				<NamedMeasurement type="numeric/double" name="Processors">
					<Value>1</Value>
				</NamedMeasurement>
				<NamedMeasurement type="text/string" name="Completion Status">
					<Value>Completed</Value>
				</NamedMeasurement>
				<NamedMeasurement type="text/string" name="Command Line">
					<Value>/Users/amohiy/Projects/cPlusPlus/CMakeWebsiteTutorial/CMakeTutorial "-25"</Value>
				</NamedMeasurement>
				<NamedMeasurement type="text/string" name="Environment">
					<Value>#CTEST_RESOURCE_GROUP_COUNT=</Value>
				</NamedMeasurement>
				<Measurement>
					<Value>Hello there
1 0
value is 0
</Value>
				</Measurement>
			</Results>
		</Test>
		<Test Status="passed">
			<Name>Comp0.0001</Name>
			<Path>.</Path>
			<FullName>./Comp0.0001</FullName>
			<FullCommandLine>/Users/amohiy/Projects/cPlusPlus/CMakeWebsiteTutorial/CMakeTutorial "0.0001"</FullCommandLine>
			<Results>
				<NamedMeasurement type="numeric/double" name="Execution Time">
					<Value>0.00406435</Value>
				</NamedMeasurement>
				<NamedMeasurement type="text/string" name="Pass Reason">
					<Value>Required regular expression found. Regex=[value is 0.01]</Value>
				</NamedMeasurement>
				<NamedMeasurement type="numeric/double" name="Processors">
					<Value>1</Value>
				</NamedMeasurement>
				<NamedMeasurement type="text/string" name="Completion Status">
					<Value>Completed</Value>
				</NamedMeasurement>
				<NamedMeasurement type="text/string" name="Command Line">
					<Value>/Users/amohiy/Projects/cPlusPlus/CMakeWebsiteTutorial/CMakeTutorial "0.0001"</Value>
				</NamedMeasurement>
				<NamedMeasurement type="text/string" name="Environment">
					<Value>#CTEST_RESOURCE_GROUP_COUNT=</Value>
				</NamedMeasurement>
				<Measurement>
					<Value>Hello there
1 0
value is 0.01
</Value>
				</Measurement>
			</Results>
		</Test>
		<EndDateTime>Apr 23 18:45 EET</EndDateTime>
		<EndTestTime>1682268344</EndTestTime>
		<ElapsedMinutes>0</ElapsedMinutes>
	</Testing>
</Site>
